<?xml version="1.0" encoding="UTF-8"?>
<!-- Generated by org.testng.reporters.JUnitReportReporter -->
<testsuite hostname="Afrin31" failures="0" tests="1" name="demo.Mycode" time="167.951" errors="0" timestamp="2023-09-16T13:09:26 IST" skipped="0">
  <testcase classname="demo.Mycode" name="test1" time="167.951"/>
</testsuite> <!-- demo.Mycode -->
